import { registerInstance as __stencil_registerInstance, createEvent as __stencil_createEvent } from "@stencil/core";
import { Host, h } from "@stencil/core";
import { getIonMode } from '../../global/ionic-global';
import { GESTURE_CONTROLLER } from '../../utils/gesture';
import { now } from '../../utils/helpers';
export const Backdrop = class {
    constructor(hostRef) {
        __stencil_registerInstance(this, hostRef);
        this.lastClick = -10000;
        this.blocker = GESTURE_CONTROLLER.createBlocker({
            disableScroll: true
        });
        /**
         * If `true`, the backdrop will be visible.
         */
        this.visible = true;
        /**
         * If `true`, the backdrop will can be clicked and will emit the `ionBackdropTap` event.
         */
        this.tappable = true;
        /**
         * If `true`, the backdrop will stop propagation on tap.
         */
        this.stopPropagation = true;
        this.ionBackdropTap = __stencil_createEvent(this, "ionBackdropTap", 7);
    }
    connectedCallback() {
        if (this.stopPropagation) {
            this.blocker.block();
        }
    }
    disconnectedCallback() {
        this.blocker.unblock();
    }
    onTouchStart(ev) {
        this.lastClick = now(ev);
        this.emitTap(ev);
    }
    onMouseDown(ev) {
        if (this.lastClick < now(ev) - 2500) {
            this.emitTap(ev);
        }
    }
    emitTap(ev) {
        if (this.stopPropagation) {
            ev.preventDefault();
            ev.stopPropagation();
        }
        if (this.tappable) {
            this.ionBackdropTap.emit();
        }
    }
    render() {
        const mode = getIonMode(this);
        return (h(Host, { tabindex: "-1", class: {
                [mode]: true,
                'backdrop-hide': !this.visible,
                'backdrop-no-tappable': !this.tappable,
            } }));
    }
    static get style() { return "STYLE_TEXT_PLACEHOLDER:ion-backdrop"; }
};
