import { registerInstance as __stencil_registerInstance, getElement as __stencil_getElement } from "@stencil/core";
import { Host, h } from "@stencil/core";
import { getIonMode } from '../../global/ionic-global';
import { createColorClasses, hostContext } from '../../utils/theme';
export const Toolbar = class {
    constructor(hostRef) {
        __stencil_registerInstance(this, hostRef);
        this.childrenStyles = new Map();
    }
    componentWillLoad() {
        const buttons = Array.from(this.el.querySelectorAll('ion-buttons'));
        const firstButtons = buttons.find(button => {
            return button.slot === 'start';
        });
        if (firstButtons) {
            firstButtons.classList.add('buttons-first-slot');
        }
        const buttonsReversed = buttons.reverse();
        const lastButtons = buttonsReversed.find(button => button.slot === 'end') ||
            buttonsReversed.find(button => button.slot === 'primary') ||
            buttonsReversed.find(button => button.slot === 'secondary');
        if (lastButtons) {
            lastButtons.classList.add('buttons-last-slot');
        }
    }
    childrenStyle(ev) {
        ev.stopPropagation();
        const tagName = ev.target.tagName;
        const updatedStyles = ev.detail;
        const newStyles = {};
        const childStyles = this.childrenStyles.get(tagName) || {};
        let hasStyleChange = false;
        Object.keys(updatedStyles).forEach(key => {
            const childKey = `toolbar-${key}`;
            const newValue = updatedStyles[key];
            if (newValue !== childStyles[childKey]) {
                hasStyleChange = true;
            }
            if (newValue) {
                newStyles[childKey] = true;
            }
        });
        if (hasStyleChange) {
            this.childrenStyles.set(tagName, newStyles);
            this.el.forceUpdate();
        }
    }
    render() {
        const mode = getIonMode(this);
        const childStyles = {};
        this.childrenStyles.forEach(value => {
            Object.assign(childStyles, value);
        });
        return (h(Host, { class: Object.assign(Object.assign({ 'in-toolbar': hostContext('ion-toolbar', this.el), [mode]: true }, childStyles), createColorClasses(this.color)) }, h("div", { class: "toolbar-background" }), h("div", { class: "toolbar-container" }, h("slot", { name: "start" }), h("slot", { name: "secondary" }), h("div", { class: "toolbar-content" }, h("slot", null)), h("slot", { name: "primary" }), h("slot", { name: "end" }))));
    }
    get el() { return __stencil_getElement(this); }
    static get style() { return "STYLE_TEXT_PLACEHOLDER:ion-toolbar"; }
};
