import { registerInstance as __stencil_registerInstance } from "@stencil/core";
import { Build } from "@stencil/core";
import { createOverlay, dismissOverlay, getOverlay } from '../../utils/overlays';
export const LoadingController = class {
    constructor(hostRef) {
        __stencil_registerInstance(this, hostRef);
        if (Build.isDev) {
            console.warn(`[DEPRECATED][ion-loading-controller] Use the loadingController export from @ionic/core:
  import { loadingController } from '@ionic/core';
  const modal = await loadingController.create({...});`);
        }
    }
    /**
     * Create a loading overlay with loading options.
     *
     * @param options The options to use to create the loading.
     */
    create(options) {
        return createOverlay('ion-loading', options);
    }
    /**
     * Dismiss the open loading overlay.
     *
     * @param data Any data to emit in the dismiss events.
     * @param role The role of the element that is dismissing the loading.
     * This can be useful in a button handler for determining which button was
     * clicked to dismiss the loading.
     * Some examples include: ``"cancel"`, `"destructive"`, "selected"`, and `"backdrop"`.
     * @param id The id of the loading to dismiss. If an id is not provided, it will dismiss the most recently opened loading.
     */
    dismiss(data, role, id) {
        return dismissOverlay(document, data, role, 'ion-loading', id);
    }
    /**
     * Get the most recently opened loading overlay.
     */
    async getTop() {
        return getOverlay(document, 'ion-loading');
    }
};
