import { registerInstance as __stencil_registerInstance } from "@stencil/core";
import { Host, h } from "@stencil/core";
import { getIonMode } from '../../global/ionic-global';
export const Footer = class {
    constructor(hostRef) {
        __stencil_registerInstance(this, hostRef);
        /**
         * If `true`, the footer will be translucent.
         * Only applies when the mode is `"ios"` and the device supports
         * [`backdrop-filter`](https://developer.mozilla.org/en-US/docs/Web/CSS/backdrop-filter#Browser_compatibility).
         *
         * Note: In order to scroll content behind the footer, the `fullscreen`
         * attribute needs to be set on the content.
         */
        this.translucent = false;
    }
    render() {
        const mode = getIonMode(this);
        const translucent = this.translucent;
        return (h(Host, { role: "contentinfo", class: {
                [mode]: true,
                // Used internally for styling
                [`footer-${mode}`]: true,
                [`footer-translucent`]: translucent,
                [`footer-translucent-${mode}`]: translucent,
            } }));
    }
    static get style() { return "STYLE_TEXT_PLACEHOLDER:ion-footer"; }
};
