import { registerInstance as __stencil_registerInstance, getElement as __stencil_getElement } from "@stencil/core";
import { Host, h } from "@stencil/core";
import { getIonMode } from '../../global/ionic-global';
export const SelectOption = class {
    constructor(hostRef) {
        __stencil_registerInstance(this, hostRef);
        this.inputId = `ion-selopt-${selectOptionIds++}`;
        /**
         * If `true`, the user cannot interact with the select option.
         */
        this.disabled = false;
        /**
         * If `true`, the element is selected.
         */
        this.selected = false;
    }
    render() {
        return (h(Host, { role: "option", id: this.inputId, class: getIonMode(this) }));
    }
    get el() { return __stencil_getElement(this); }
    static get style() { return "STYLE_TEXT_PLACEHOLDER:ion-select-option"; }
};
let selectOptionIds = 0;
