import { registerInstance as __stencil_registerInstance } from "@stencil/core";
import { Host, h } from "@stencil/core";
import { getIonMode } from '../../global/ionic-global';
export const Buttons = class {
    constructor(hostRef) {
        __stencil_registerInstance(this, hostRef);
        /**
         * If true, buttons will disappear when its
         * parent toolbar has fully collapsed if the toolbar
         * is not the first toolbar. If the toolbar is the
         * first toolbar, the buttons will be hidden and will
         * only be shown once all toolbars have fully collapsed.
         *
         * Only applies in `ios` mode with `collapse` set to
         * `true` on `ion-header`.
         *
         * Typically used for [Collapsible Large Titles](https://ionicframework.com/docs/api/title#collapsible-large-titles)
         */
        this.collapse = false;
    }
    render() {
        const mode = getIonMode(this);
        return (h(Host, { class: {
                [mode]: true,
                ['buttons-collapse']: this.collapse
            } }));
    }
    static get style() { return "STYLE_TEXT_PLACEHOLDER:ion-buttons"; }
};
