import { registerInstance as __stencil_registerInstance, createEvent as __stencil_createEvent, getElement as __stencil_getElement } from "@stencil/core";
import { Host, h } from "@stencil/core";
import { getIonMode } from '../../global/ionic-global';
import { hasShadowDom } from '../../utils/helpers';
import { createColorClasses, openURL } from '../../utils/theme';
export const Button = class {
    constructor(hostRef) {
        __stencil_registerInstance(this, hostRef);
        this.inToolbar = false;
        this.inItem = false;
        /**
         * The type of button.
         */
        this.buttonType = 'button';
        /**
         * If `true`, the user cannot interact with the button.
         */
        this.disabled = false;
        /**
         * When using a router, it specifies the transition direction when navigating to
         * another page using `href`.
         */
        this.routerDirection = 'forward';
        /**
         * If `true`, activates a button with a heavier font weight.
         */
        this.strong = false;
        /**
         * The type of the button.
         */
        this.type = 'button';
        this.handleClick = (ev) => {
            if (this.type === 'button') {
                openURL(this.href, ev, this.routerDirection);
            }
            else if (hasShadowDom(this.el)) {
                // this button wants to specifically submit a form
                // climb up the dom to see if we're in a <form>
                // and if so, then use JS to submit it
                const form = this.el.closest('form');
                if (form) {
                    ev.preventDefault();
                    const fakeButton = document.createElement('button');
                    fakeButton.type = this.type;
                    fakeButton.style.display = 'none';
                    form.appendChild(fakeButton);
                    fakeButton.click();
                    fakeButton.remove();
                }
            }
        };
        this.onFocus = () => {
            this.ionFocus.emit();
        };
        this.onBlur = () => {
            this.ionBlur.emit();
        };
        this.ionFocus = __stencil_createEvent(this, "ionFocus", 7);
        this.ionBlur = __stencil_createEvent(this, "ionBlur", 7);
    }
    componentWillLoad() {
        this.inToolbar = !!this.el.closest('ion-buttons');
        this.inItem = !!this.el.closest('ion-item') || !!this.el.closest('ion-item-divider');
    }
    get hasIconOnly() {
        return !!this.el.querySelector('ion-icon[slot="icon-only"]');
    }
    get rippleType() {
        const hasClearFill = this.fill === undefined || this.fill === 'clear';
        // If the button is in a toolbar, has a clear fill (which is the default)
        // and only has an icon we use the unbounded "circular" ripple effect
        if (hasClearFill && this.hasIconOnly && this.inToolbar) {
            return 'unbounded';
        }
        return 'bounded';
    }
    render() {
        const mode = getIonMode(this);
        const { buttonType, type, disabled, rel, target, size, href, color, expand, hasIconOnly, shape, strong } = this;
        const finalSize = size === undefined && this.inItem ? 'small' : size;
        const TagType = href === undefined ? 'button' : 'a';
        const attrs = (TagType === 'button')
            ? { type }
            : {
                download: this.download,
                href,
                rel,
                target
            };
        let fill = this.fill;
        if (fill === undefined) {
            fill = this.inToolbar ? 'clear' : 'solid';
        }
        return (h(Host, { onClick: this.handleClick, "aria-disabled": disabled ? 'true' : null, class: Object.assign(Object.assign({}, createColorClasses(color)), { [mode]: true, [buttonType]: true, [`${buttonType}-${expand}`]: expand !== undefined, [`${buttonType}-${finalSize}`]: finalSize !== undefined, [`${buttonType}-${shape}`]: shape !== undefined, [`${buttonType}-${fill}`]: true, [`${buttonType}-strong`]: strong, 'button-has-icon-only': hasIconOnly, 'button-disabled': disabled, 'ion-activatable': true, 'ion-focusable': true }) }, h(TagType, Object.assign({}, attrs, { class: "button-native", disabled: disabled, onFocus: this.onFocus, onBlur: this.onBlur }), h("span", { class: "button-inner" }, h("slot", { name: "icon-only" }), h("slot", { name: "start" }), h("slot", null), h("slot", { name: "end" })), mode === 'md' && h("ion-ripple-effect", { type: this.rippleType }))));
    }
    get el() { return __stencil_getElement(this); }
    static get style() { return "STYLE_TEXT_PLACEHOLDER:ion-button"; }
};
