import { registerInstance as __stencil_registerInstance, getElement as __stencil_getElement } from "@stencil/core";
import { Host, h } from "@stencil/core";
import { config } from '../../global/config';
import { getIonMode } from '../../global/ionic-global';
import { hostContext } from '../../utils/theme';
export const SkeletonText = class {
    constructor(hostRef) {
        __stencil_registerInstance(this, hostRef);
        /**
         * If `true`, the skeleton text will animate.
         */
        this.animated = false;
    }
    calculateWidth() {
        // If width was passed in to the property use that first
        // tslint:disable-next-line: deprecation
        if (this.width !== undefined) {
            return {
                style: {
                    // tslint:disable-next-line: deprecation
                    width: this.width
                }
            };
        }
        return;
    }
    render() {
        const animated = this.animated && config.getBoolean('animated', true);
        const inMedia = hostContext('ion-avatar', this.el) || hostContext('ion-thumbnail', this.el);
        const mode = getIonMode(this);
        return (h(Host, Object.assign({ class: {
                [mode]: true,
                'skeleton-text-animated': animated,
                'in-media': inMedia
            } }, this.calculateWidth()), h("span", null, "\u00A0")));
    }
    get el() { return __stencil_getElement(this); }
    static get style() { return "STYLE_TEXT_PLACEHOLDER:ion-skeleton-text"; }
};
