import { registerInstance as __stencil_registerInstance } from "@stencil/core";
import { Host, h } from "@stencil/core";
import { getIonMode } from '../../global/ionic-global';
export const Grid = class {
    constructor(hostRef) {
        __stencil_registerInstance(this, hostRef);
        /**
         * If `true`, the grid will have a fixed width based on the screen size.
         */
        this.fixed = false;
    }
    render() {
        const mode = getIonMode(this);
        return (h(Host, { class: {
                [mode]: true,
                'grid-fixed': this.fixed
            } }, h("slot", null)));
    }
    static get style() { return "STYLE_TEXT_PLACEHOLDER:ion-grid"; }
};
