ion-header {
  display: block;
  position: relative;
  -ms-flex-order: -1;
  order: -1;
  width: 100%;
  z-index: 10;
}

ion-header ion-toolbar:first-child {
  padding-top: var(--ion-safe-area-top, 0);
}

.header-ios ion-toolbar:last-child {
  --border-width: 0 0 0.55px;
}

.header-ios[no-border] ion-toolbar:last-child {
  --border-width: 0;
}

@supports ((-webkit-backdrop-filter: blur(0)) or (backdrop-filter: blur(0))) {
  .header-translucent-ios {
    -webkit-backdrop-filter: saturate(180%) blur(20px);
    backdrop-filter: saturate(180%) blur(20px);
  }

  .header-translucent-ios ion-toolbar {
    --opacity: .8;
    --backdrop-filter: saturate(180%) blur(20px);
  }
}
.header-collapse-condense {
  z-index: 9;
}

.header-collapse-condense ion-toolbar {
  position: -webkit-sticky;
  position: sticky;
  top: 0;
}

.header-collapse-condense ion-toolbar:first-child {
  padding-top: 7px;
  z-index: 1;
}

.header-collapse-condense ion-toolbar {
  z-index: 0;
}

.header-collapse-condense ion-toolbar ion-searchbar {
  height: 48px;
  padding-top: 0px;
  padding-bottom: 13px;
}

ion-toolbar.in-toolbar ion-title,
ion-toolbar.in-toolbar ion-buttons {
  -webkit-transition: all 0.2s ease-in-out;
  transition: all 0.2s ease-in-out;
}

/**
 * There is a bug in Safari where animating the opacity
 * on an element in a scrollable container while scrolling
 * causes the scroll position to jump to the top
 */
.header-collapse-condense ion-toolbar ion-title,
.header-collapse-condense ion-toolbar ion-buttons {
  -webkit-transition: none;
  transition: none;
}

.header-collapse-condense-inactive ion-toolbar.in-toolbar ion-title,
.header-collapse-condense-inactive ion-toolbar.in-toolbar ion-buttons.buttons-collapse {
  opacity: 0;
  pointer-events: none;
}